<?xml version="1.0" encoding="UTF-8"?>
<!-- Generated by org.testng.reporters.JUnitXMLReporter -->
<testsuite hostname="Vildans-Mac.local" ignored="0" name="Default test" tests="3" failures="0" timestamp="2021-03-20T12:09:57 EDT" time="59.827" errors="0">
  <testcase name="createContactTest" time="3.694" classname="tests.LoginParallelTest"/>
  <testcase name="createContactTest" time="2.63" classname="tests.LoginParallelTest"/>
  <testcase name="createContactTest" time="2.314" classname="tests.LoginParallelTest"/>
</testsuite> <!-- Default test -->
